ShortSelling at 2022-02-18 09:35:00 for 4605.2 under 5 minute data, Reason: empty, Current: ShortSelling
Empty at 2022-02-18 09:56:00 for 4618.4 under 1 minute data, Reason: loss limit, Current: Empty
PutBuying at 2022-02-18 10:15:00 for 4624.0 under 5 minute data, Reason: empty, Current: PutBuying
Empty at 2022-02-18 11:20:00 for 4611.4 under 1 minute data, Reason: loss limit, Current: Empty
ShortSelling at 2022-02-18 11:25:00 for 4613.0 under 5 minute data, Reason: empty, Current: ShortSelling
Empty at 2022-02-18 13:06:00 for 4627.8 under 1 minute data, Reason: loss limit, Current: Empty
PutBuying at 2022-02-18 13:09:00 for 4638.2 under 1 minute data, Reason: exceed restore limit, Current: PutBuying
Empty at 2022-02-21 09:42:00 for 4619.2 under 1 minute data, Reason: loss limit, Current: Empty
ShortSelling at 2022-02-21 09:50:00 for 4613.4 under 5 minute data, Reason: empty, Current: ShortSelling
Empty at 2022-02-21 13:05:00 for 4614.0 under 5 minute data, Reason: MA cross, Current: Empty
PutBuying at 2022-02-21 13:10:00 for 4622.4 under 5 minute data, Reason: empty, Current: PutBuying
Empty at 2022-02-21 13:53:00 for 4609.6 under 1 minute data, Reason: loss limit, Current: Empty
ShortSelling at 2022-02-21 14:00:00 for 4609.6 under 5 minute data, Reason: empty, Current: ShortSelling
Empty at 2022-02-21 14:40:00 for 4623.0 under 1 minute data, Reason: loss limit, Current: Empty
PutBuying at 2022-02-21 14:50:00 for 4628.0 under 5 minute data, Reason: empty, Current: PutBuying
Empty at 2022-02-22 09:31:00 for 4592.0 under 1 minute data, Reason: loss limit, Current: Empty
ShortSelling at 2022-02-22 09:40:00 for 4574.6 under 5 minute data, Reason: empty, Current: ShortSelling
Empty at 2022-02-22 11:30:00 for 4547.8 under 5 minute data, Reason: MA cross, Current: Empty
PutBuying at 2022-02-22 13:15:00 for 4545.6 under 5 minute data, Reason: empty, Current: PutBuying
Empty at 2022-02-22 13:30:00 for 4558.4 under 1 minute data, Reason: profit limit, Current: Empty
ShortSelling at 2022-02-22 14:10:00 for 4547.8 under 5 minute data, Reason: empty, Current: ShortSelling
Empty at 2022-02-22 14:30:00 for 4550.0 under 5 minute data, Reason: MA cross, Current: Empty
PutBuying at 2022-02-22 14:35:00 for 4563.0 under 1 minute data, Reason: exceed restore limit, Current: PutBuying
Empty at 2022-02-23 09:56:00 for 4575.8 under 1 minute data, Reason: profit limit, Current: Empty
PutBuying at 2022-02-23 10:00:00 for 4580.4 under 5 minute data, Reason: empty, Current: PutBuying
Empty at 2022-02-23 10:46:00 for 4590.4 under 1 minute data, Reason: profit limit, Current: Empty
PutBuying at 2022-02-23 13:03:00 for 4601.0 under 1 minute data, Reason: exceed restore limit, Current: PutBuying
Empty at 2022-02-23 14:23:00 for 4612.2 under 1 minute data, Reason: profit limit, Current: Empty
ShortSelling at 2022-02-24 09:40:00 for 4583.0 under 5 minute data, Reason: empty, Current: ShortSelling
Empty at 2022-02-24 10:15:00 for 4595.8 under 1 minute data, Reason: loss limit, Current: Empty
PutBuying at 2022-02-24 15:00:00 for 4534.0 under 5 minute data, Reason: empty, Current: PutBuying
Empty at 2022-02-25 11:10:00 for 4583.8 under 5 minute data, Reason: MA cross, Current: Empty
ShortSelling at 2022-02-25 11:15:00 for 4577.2 under 5 minute data, Reason: empty, Current: ShortSelling
Empty at 2022-02-25 14:05:00 for 4566.0 under 1 minute data, Reason: profit limit, Current: Empty
PutBuying at 2022-02-25 14:22:00 for 4577.0 under 1 minute data, Reason: exceed restore limit, Current: PutBuying
Empty at 2022-02-25 14:35:00 for 4563.6 under 1 minute data, Reason: loss limit, Current: Empty
PutBuying at 2022-02-25 14:46:00 for 4574.0 under 1 minute data, Reason: exceed restore limit, Current: PutBuying
Empty at 2022-02-28 09:32:00 for 4560.0 under 1 minute data, Reason: loss limit, Current: Empty
PutBuying at 2022-02-28 09:34:00 for 4574.0 under 1 minute data, Reason: exceed restore limit, Current: PutBuying
Empty at 2022-02-28 09:40:00 for 4557.0 under 1 minute data, Reason: loss limit, Current: Empty
PutBuying at 2022-02-28 13:05:00 for 4543.6 under 5 minute data, Reason: empty, Current: PutBuying
Empty at 2022-02-28 13:43:00 for 4556.0 under 1 minute data, Reason: profit limit, Current: Empty
PutBuying at 2022-02-28 13:51:00 for 4567.8 under 1 minute data, Reason: exceed restore limit, Current: PutBuying
Empty at 2022-03-01 10:55:00 for 4591.4 under 5 minute data, Reason: MA cross, Current: Empty
ShortSelling at 2022-03-01 11:00:00 for 4593.0 under 5 minute data, Reason: empty, Current: ShortSelling
Empty at 2022-03-01 13:19:00 for 4580.6 under 1 minute data, Reason: profit limit, Current: Empty
PutBuying at 2022-03-01 13:43:00 for 4592.4 under 1 minute data, Reason: exceed restore limit, Current: PutBuying
Empty at 2022-03-01 14:20:00 for 4605.0 under 1 minute data, Reason: profit limit, Current: Empty
PutBuying at 2022-03-01 14:25:00 for 4611.0 under 5 minute data, Reason: empty, Current: PutBuying
Empty at 2022-03-02 09:31:00 for 4586.6 under 1 minute data, Reason: loss limit, Current: Empty
ShortSelling at 2022-03-02 09:45:00 for 4579.6 under 5 minute data, Reason: empty, Current: ShortSelling
Empty at 2022-03-02 10:03:00 for 4568.0 under 1 minute data, Reason: profit limit, Current: Empty
PutBuying at 2022-03-02 11:15:00 for 4564.6 under 5 minute data, Reason: empty, Current: PutBuying
Empty at 2022-03-02 13:05:00 for 4568.6 under 5 minute data, Reason: MA cross, Current: Empty
PutBuying at 2022-03-02 13:15:00 for 4570.8 under 5 minute data, Reason: empty, Current: PutBuying
Empty at 2022-03-02 14:00:00 for 4570.0 under 5 minute data, Reason: MA cross, Current: Empty
ShortSelling at 2022-03-02 14:05:00 for 4569.8 under 5 minute data, Reason: empty, Current: ShortSelling
Empty at 2022-03-02 14:15:00 for 4577.6 under 5 minute data, Reason: MA cross, Current: Empty
PutBuying at 2022-03-02 14:20:00 for 4576.8 under 5 minute data, Reason: empty, Current: PutBuying
Empty at 2022-03-03 09:36:00 for 4589.0 under 1 minute data, Reason: profit limit, Current: Empty
ShortSelling at 2022-03-03 10:00:00 for 4567.2 under 5 minute data, Reason: empty, Current: ShortSelling
Empty at 2022-03-03 13:15:00 for 4558.8 under 5 minute data, Reason: MA cross, Current: Empty
ShortSelling at 2022-03-03 13:20:00 for 4554.6 under 5 minute data, Reason: empty, Current: ShortSelling
Empty at 2022-03-03 13:34:00 for 4541.8 under 1 minute data, Reason: profit limit, Current: Empty
PutBuying at 2022-03-03 13:59:00 for 4553.2 under 1 minute data, Reason: exceed restore limit, Current: PutBuying
Empty at 2022-03-04 09:31:00 for 4502.6 under 1 minute data, Reason: loss limit, Current: Empty
PutBuying at 2022-03-04 09:54:00 for 4515.8 under 1 minute data, Reason: exceed restore limit, Current: PutBuying
Empty at 2022-03-04 10:02:00 for 4502.8 under 1 minute data, Reason: loss limit, Current: Empty
PutBuying at 2022-03-04 10:15:00 for 4514.0 under 1 minute data, Reason: exceed restore limit, Current: PutBuying
Empty at 2022-03-04 10:47:00 for 4526.2 under 1 minute data, Reason: profit limit, Current: Empty
PutBuying at 2022-03-04 10:50:00 for 4524.2 under 5 minute data, Reason: empty, Current: PutBuying
Empty at 2022-03-04 11:28:00 for 4512.0 under 1 minute data, Reason: loss limit, Current: Empty
ShortSelling at 2022-03-04 11:30:00 for 4506.6 under 5 minute data, Reason: empty, Current: ShortSelling
Empty at 2022-03-04 13:29:00 for 4495.4 under 1 minute data, Reason: profit limit, Current: Empty
PutBuying at 2022-03-04 13:44:00 for 4508.4 under 1 minute data, Reason: exceed restore limit, Current: PutBuying
Empty at 2022-03-04 14:02:00 for 4496.2 under 1 minute data, Reason: loss limit, Current: Empty
PutBuying at 2022-03-08 09:50:00 for 4360.4 under 5 minute data, Reason: empty, Current: PutBuying
Empty at 2022-03-08 09:56:00 for 4347.8 under 1 minute data, Reason: loss limit, Current: Empty
ShortSelling at 2022-03-08 10:15:00 for 4337.0 under 5 minute data, Reason: empty, Current: ShortSelling
Empty at 2022-03-08 10:26:00 for 4325.0 under 1 minute data, Reason: profit limit, Current: Empty
PutBuying at 2022-03-08 13:30:00 for 4302.6 under 5 minute data, Reason: empty, Current: PutBuying
Empty at 2022-03-08 13:53:00 for 4311.8 under 1 minute data, Reason: profit limit, Current: Empty
ShortSelling at 2022-03-08 14:25:00 for 4265.8 under 5 minute data, Reason: empty, Current: ShortSelling
Empty at 2022-03-09 09:40:00 for 4278.8 under 1 minute data, Reason: loss limit, Current: Empty
PutBuying at 2022-03-09 09:47:00 for 4291.6 under 1 minute data, Reason: exceed restore limit, Current: PutBuying
Empty at 2022-03-09 09:55:00 for 4276.4 under 1 minute data, Reason: loss limit, Current: Empty
PutBuying at 2022-03-09 10:05:00 for 4261.0 under 5 minute data, Reason: empty, Current: PutBuying
Empty at 2022-03-09 10:20:00 for 4268.0 under 5 minute data, Reason: MA cross, Current: Empty
ShortSelling at 2022-03-09 10:25:00 for 4258.2 under 5 minute data, Reason: empty, Current: ShortSelling
Empty at 2022-03-09 11:02:00 for 4247.2 under 1 minute data, Reason: profit limit, Current: Empty
PutBuying at 2022-03-09 14:40:00 for 4204.4 under 5 minute data, Reason: empty, Current: PutBuying
Empty at 2022-03-09 14:47:00 for 4207.6 under 1 minute data, Reason: profit limit, Current: Empty
PutBuying at 2022-03-10 09:31:00 for 4289.0 under 1 minute data, Reason: exceed restore limit, Current: PutBuying
Empty at 2022-03-10 09:52:00 for 4298.2 under 1 minute data, Reason: profit limit, Current: Empty
PutBuying at 2022-03-10 11:07:00 for 4308.4 under 1 minute data, Reason: exceed restore limit, Current: PutBuying
